0 verbose cli /home/sanhaji/.nvm/versions/node/v19.0.0/bin/node /home/sanhaji/.nvm/versions/node/v19.0.0/bin/npm
1 info using npm@8.19.2
2 info using node@v19.0.0
3 timing npm:load:whichnode Completed in 0ms
4 timing config:load:defaults Completed in 1ms
5 timing config:load:file:/home/sanhaji/.nvm/versions/node/v19.0.0/lib/node_modules/npm/npmrc Completed in 1ms
6 timing config:load:builtin Completed in 1ms
7 timing config:load:cli Completed in 1ms
8 timing config:load:env Completed in 0ms
9 timing config:load:file:/mnt/c/Users/msanh/.npmrc Completed in 1ms
10 timing config:load:project Completed in 16ms
11 timing config:load:file:/home/sanhaji/.npmrc Completed in 0ms
12 timing config:load:user Completed in 0ms
13 timing config:load:file:/home/sanhaji/.nvm/versions/node/v19.0.0/etc/npmrc Completed in 1ms
14 timing config:load:global Completed in 2ms
15 timing config:load:validate Completed in 0ms
16 timing config:load:credentials Completed in 1ms
17 timing config:load:setEnvs Completed in 1ms
18 timing config:load Completed in 24ms
19 timing npm:load:configload Completed in 24ms
20 timing npm:load:mkdirpcache Completed in 2ms
21 timing npm:load:mkdirplogs Completed in 1ms
22 verbose title npm config get prefix
23 verbose argv "config" "get" "prefix"
24 timing npm:load:setTitle Completed in 1ms
25 timing config:load:flatten Completed in 2ms
26 timing npm:load:display Completed in 3ms
27 verbose logfile logs-max:10 dir:/home/sanhaji/Projects/bii-system/.tmpnodejsnpm-cache/_logs
28 verbose logfile /home/sanhaji/Projects/bii-system/.tmpnodejsnpm-cache/_logs/2022-11-03T09_47_08_017Z-debug-0.log
29 timing npm:load:logFile Completed in 4ms
30 timing npm:load:timers Completed in 0ms
31 timing npm:load:configScope Completed in 0ms
32 timing npm:load Completed in 35ms
33 timing command:config Completed in 2ms
34 verbose exit 0
35 timing npm Completed in 44ms
36 info ok
